{"app":"PHP","message":"touch(): Unable to create file \/srv\/nginx\/html\/project\/skyboxone\/data\/owncloud.log because No such file or directory at \/srv\/nginx\/html\/project\/skyboxone\/lib\/private\/log\/owncloud.php#49","level":3,"time":"2014-09-18T05:21:34+00:00"}
{"app":"search_lucene","message":"Cross-reference streams are not supported yet. Trace:\\n#0 \/srv\/nginx\/html\/project\/skyboxone\/apps\/search_lucene\/3rdparty\/Zend\/Pdf\/Parser.php(460): Zend_Pdf_Parser->_loadXRefTable('1852997')\n#1 \/srv\/nginx\/html\/project\/skyboxone\/apps\/search_lucene\/3rdparty\/Zend\/Pdf.php(318): Zend_Pdf_Parser->__construct('%PDF-1.5\\n%\\xD0\\xD4\\xC5\\xD8\\n...', Object(Zend_Pdf_ElementFactory_Proxy), false)\n#2 \/srv\/nginx\/html\/project\/skyboxone\/apps\/search_lucene\/3rdparty\/Zend\/Pdf.php(255): Zend_Pdf->__construct('%PDF-1.5\\n%\\xD0\\xD4\\xC5\\xD8\\n...', NULL)\n#3 \/srv\/nginx\/html\/project\/skyboxone\/apps\/search_lucene\/document\/Pdf.php(21): Zend_Pdf::parse('%PDF-1.5\\n%\\xD0\\xD4\\xC5\\xD8\\n...')\n#4 \/srv\/nginx\/html\/project\/skyboxone\/apps\/search_lucene\/document\/Pdf.php(69): OCA\\Search_Lucene\\Document\\Pdf->__construct('%PDF-1.5\\n%\\xD0\\xD4\\xC5\\xD8\\n...', false, false)\n#5 \/srv\/nginx\/html\/project\/skyboxone\/apps\/search_lucene\/lib\/indexer.php(94): OCA\\Search_Lucene\\Document\\Pdf::loadPdf('%PDF-1.5\\n%\\xD0\\xD4\\xC5\\xD8\\n...')\n#6 \/srv\/nginx\/html\/project\/skyboxone\/apps\/search_lucene\/ajax\/lucene.php(44): OCA\\Search_Lucene\\Indexer::indexFile('\/ownCloudUserMa...', 'admin')\n#7 \/srv\/nginx\/html\/project\/skyboxone\/apps\/search_lucene\/ajax\/lucene.php(76): index()\n#8 \/srv\/nginx\/html\/project\/skyboxone\/lib\/base.php(802): require_once('\/srv\/nginx\/html...')\n#9 [internal function]: OC::loadAppScriptFile(Array)\n#10 \/srv\/nginx\/html\/project\/skyboxone\/lib\/private\/route\/router.php(227): call_user_func(Array, Array)\n#11 \/srv\/nginx\/html\/project\/skyboxone\/lib\/base.php(702): OC\\Route\\Router->match('\/apps\/search_lu...')\n#12 \/srv\/nginx\/html\/project\/skyboxone\/index.php(28): OC::handleRequest()\n#13 {main}","level":3,"time":"2014-09-18T19:46:37+00:00"}
{"app":"PHP","message":"call_user_func() expects parameter 1 to be a valid callback, class 'OCA\\Gallery\\Thumbnail' not found at \/srv\/nginx\/html\/project\/skyboxone\/lib\/private\/hook.php#78","level":3,"time":"2014-09-19T00:24:48+00:00"}
{"app":"PHP","message":"call_user_func() expects parameter 1 to be a valid callback, class 'OCA\\Gallery\\Thumbnail' not found at \/srv\/nginx\/html\/project\/skyboxone\/lib\/private\/hook.php#78","level":3,"time":"2014-09-19T00:26:18+00:00"}
{"app":"core","message":"Failed to open archive when installing app","level":3,"time":"2014-09-19T02:12:05+00:00"}
{"app":"core","message":"Failed to open archive when installing app","level":3,"time":"2014-09-19T02:12:26+00:00"}
{"app":"core","message":"Failed to open archive when installing app","level":3,"time":"2014-09-19T02:18:20+00:00"}
{"app":"core","message":"Failed to open archive when installing app","level":3,"time":"2014-09-19T02:18:59+00:00"}
{"app":"core","message":"Invalid OCS content returned for app appcodecheckdisabler","level":4,"time":"2014-09-19T02:41:28+00:00"}
{"app":"core","message":"Failed to open archive when installing app","level":3,"time":"2014-09-19T02:41:40+00:00"}
{"app":"PHP","message":"Invalid argument supplied for foreach() at \/srv\/nginx\/html\/project\/skyboxone\/lib\/private\/ocsclient.php#82","level":3,"time":"2014-09-19T02:42:22+00:00"}
{"app":"core","message":"Invalid OCS content returned for app 166038","level":4,"time":"2014-09-19T02:42:24+00:00"}
{"app":"core","message":"Invalid OCS content returned for app 166043","level":4,"time":"2014-09-19T02:42:26+00:00"}
{"app":"core","message":"Invalid OCS content returned for app 166044","level":4,"time":"2014-09-19T02:42:28+00:00"}
{"app":"core","message":"Invalid OCS content returned for app 166045","level":4,"time":"2014-09-19T02:42:29+00:00"}
{"app":"core","message":"Invalid OCS content returned for app 166049","level":4,"time":"2014-09-19T02:42:31+00:00"}
{"app":"core","message":"Invalid OCS content returned for app 166050","level":4,"time":"2014-09-19T02:42:32+00:00"}
{"app":"core","message":"Invalid OCS content returned for app 166051","level":4,"time":"2014-09-19T02:42:34+00:00"}
{"app":"core","message":"Invalid OCS content returned for app 166052","level":4,"time":"2014-09-19T02:42:35+00:00"}
{"app":"core","message":"Invalid OCS content returned for app 166053","level":4,"time":"2014-09-19T02:42:37+00:00"}
{"app":"core","message":"Invalid OCS content returned for app 166054","level":4,"time":"2014-09-19T02:42:38+00:00"}
{"app":"core","message":"Invalid OCS content returned for app 166057","level":4,"time":"2014-09-19T02:42:40+00:00"}
{"app":"core","message":"Invalid OCS content returned for app 166056","level":4,"time":"2014-09-19T02:42:41+00:00"}
{"app":"PHP","message":"Invalid argument supplied for foreach() at \/srv\/nginx\/html\/project\/skyboxone\/lib\/private\/ocsclient.php#82","level":3,"time":"2014-09-19T02:42:43+00:00"}
{"app":"core","message":"Invalid OCS content returned for app 166038","level":4,"time":"2014-09-19T02:42:47+00:00"}
{"app":"core","message":"Invalid OCS content returned for app 166043","level":4,"time":"2014-09-19T02:42:48+00:00"}
{"app":"core","message":"Invalid OCS content returned for app 166044","level":4,"time":"2014-09-19T02:42:50+00:00"}
{"app":"core","message":"Invalid OCS content returned for app 166045","level":4,"time":"2014-09-19T02:42:51+00:00"}
{"app":"core","message":"Invalid OCS content returned for app 166049","level":4,"time":"2014-09-19T02:42:53+00:00"}
{"app":"core","message":"Invalid OCS content returned for app 166050","level":4,"time":"2014-09-19T02:42:55+00:00"}
{"app":"core","message":"Invalid OCS content returned for app 166051","level":4,"time":"2014-09-19T02:42:56+00:00"}
{"app":"core","message":"Invalid OCS content returned for app 166052","level":4,"time":"2014-09-19T02:42:58+00:00"}
{"app":"core","message":"Invalid OCS content returned for app 166053","level":4,"time":"2014-09-19T02:42:59+00:00"}
{"app":"core","message":"Invalid OCS content returned for app 166054","level":4,"time":"2014-09-19T02:43:01+00:00"}
{"app":"core","message":"Invalid OCS content returned for app 166057","level":4,"time":"2014-09-19T02:43:03+00:00"}
{"app":"core","message":"Invalid OCS content returned for app 166056","level":4,"time":"2014-09-19T02:43:04+00:00"}
{"app":"PHP","message":"Invalid argument supplied for foreach() at \/srv\/nginx\/html\/project\/skyboxone\/lib\/private\/ocsclient.php#82","level":3,"time":"2014-09-19T02:43:06+00:00"}
{"app":"core","message":"Invalid OCS content returned for app 166038","level":4,"time":"2014-09-19T02:44:04+00:00"}
{"app":"core","message":"Invalid OCS content returned for app 166043","level":4,"time":"2014-09-19T02:44:06+00:00"}
{"app":"core","message":"Invalid OCS content returned for app 166044","level":4,"time":"2014-09-19T02:44:07+00:00"}
{"app":"core","message":"Invalid OCS content returned for app 166045","level":4,"time":"2014-09-19T02:44:09+00:00"}
{"app":"core","message":"Invalid OCS content returned for app 166049","level":4,"time":"2014-09-19T02:44:10+00:00"}
{"app":"core","message":"Invalid OCS content returned for app 166050","level":4,"time":"2014-09-19T02:44:12+00:00"}
{"app":"core","message":"Invalid OCS content returned for app 166051","level":4,"time":"2014-09-19T02:44:13+00:00"}
{"app":"core","message":"Invalid OCS content returned for app 166052","level":4,"time":"2014-09-19T02:44:15+00:00"}
{"app":"core","message":"Invalid OCS content returned for app 166053","level":4,"time":"2014-09-19T02:44:17+00:00"}
{"app":"core","message":"Invalid OCS content returned for app 166054","level":4,"time":"2014-09-19T02:44:18+00:00"}
{"app":"core","message":"Invalid OCS content returned for app 166057","level":4,"time":"2014-09-19T02:44:20+00:00"}
{"app":"core","message":"Invalid OCS content returned for app 166056","level":4,"time":"2014-09-19T02:44:21+00:00"}
{"app":"PHP","message":"Invalid argument supplied for foreach() at \/srv\/nginx\/html\/project\/skyboxone\/lib\/private\/ocsclient.php#82","level":3,"time":"2014-09-19T02:44:23+00:00"}
{"app":"core","message":"Invalid OCS content returned for app 166038","level":4,"time":"2014-09-19T02:44:26+00:00"}
{"app":"core","message":"Invalid OCS content returned for app 166043","level":4,"time":"2014-09-19T02:44:27+00:00"}
{"app":"core","message":"Invalid OCS content returned for app 166044","level":4,"time":"2014-09-19T02:44:29+00:00"}
{"app":"core","message":"Invalid OCS content returned for app 166045","level":4,"time":"2014-09-19T02:44:30+00:00"}
{"app":"core","message":"Invalid OCS content returned for app 166049","level":4,"time":"2014-09-19T02:44:32+00:00"}
{"app":"core","message":"Invalid OCS content returned for app 166050","level":4,"time":"2014-09-19T02:44:34+00:00"}
{"app":"core","message":"Invalid OCS content returned for app 166051","level":4,"time":"2014-09-19T02:44:35+00:00"}
{"app":"core","message":"Invalid OCS content returned for app 166052","level":4,"time":"2014-09-19T02:44:36+00:00"}
{"app":"core","message":"Invalid OCS content returned for app 166053","level":4,"time":"2014-09-19T02:44:38+00:00"}
{"app":"core","message":"Invalid OCS content returned for app 166054","level":4,"time":"2014-09-19T02:44:40+00:00"}
{"app":"core","message":"Invalid OCS content returned for app 166057","level":4,"time":"2014-09-19T02:44:41+00:00"}
{"app":"core","message":"Invalid OCS content returned for app 166056","level":4,"time":"2014-09-19T02:44:43+00:00"}
{"app":"PHP","message":"Invalid argument supplied for foreach() at \/srv\/nginx\/html\/project\/skyboxone\/lib\/private\/ocsclient.php#82","level":3,"time":"2014-09-19T02:44:44+00:00"}
{"app":"core","message":"Failed to open archive when installing app","level":3,"time":"2014-09-19T02:46:17+00:00"}
{"app":"core","message":"can't remove app appcodecheckdisabler. It is not installed.","level":3,"time":"2014-09-19T02:47:00+00:00"}
{"app":"core","message":"Failed to open archive when installing app","level":3,"time":"2014-09-19T02:47:22+00:00"}
{"app":"core","message":"Invalid OCS content returned for app 166057","level":4,"time":"2014-09-19T02:55:02+00:00"}
{"app":"core","message":"Invalid OCS content returned for app 166056","level":4,"time":"2014-09-19T02:55:04+00:00"}
{"app":"PHP","message":"Invalid argument supplied for foreach() at \/srv\/nginx\/html\/project\/skyboxone\/lib\/private\/ocsclient.php#82","level":3,"time":"2014-09-19T02:55:06+00:00"}
{"app":"core","message":"Invalid OCS content returned for app 166038","level":4,"time":"2014-09-19T02:55:11+00:00"}
{"app":"core","message":"Invalid OCS content returned for app 166043","level":4,"time":"2014-09-19T02:55:13+00:00"}
{"app":"core","message":"Invalid OCS content returned for app 166044","level":4,"time":"2014-09-19T02:55:15+00:00"}
{"app":"core","message":"Invalid OCS content returned for app 166045","level":4,"time":"2014-09-19T02:55:16+00:00"}
{"app":"core","message":"Invalid OCS content returned for app 166049","level":4,"time":"2014-09-19T02:55:18+00:00"}
{"app":"core","message":"Invalid OCS content returned for app 166050","level":4,"time":"2014-09-19T02:55:20+00:00"}
{"app":"core","message":"Invalid OCS content returned for app 166051","level":4,"time":"2014-09-19T02:55:21+00:00"}
{"app":"core","message":"Invalid OCS content returned for app 166052","level":4,"time":"2014-09-19T02:55:23+00:00"}
{"app":"core","message":"Invalid OCS content returned for app 166053","level":4,"time":"2014-09-19T02:55:25+00:00"}
{"app":"core","message":"Invalid OCS content returned for app 166054","level":4,"time":"2014-09-19T02:55:26+00:00"}
{"app":"core","message":"Invalid OCS content returned for app 166057","level":4,"time":"2014-09-19T02:55:28+00:00"}
{"app":"core","message":"Invalid OCS content returned for app 166056","level":4,"time":"2014-09-19T02:55:30+00:00"}
{"app":"PHP","message":"Invalid argument supplied for foreach() at \/srv\/nginx\/html\/project\/skyboxone\/lib\/private\/ocsclient.php#82","level":3,"time":"2014-09-19T02:55:31+00:00"}
